# JRE version: OpenJDK Runtime Environment (8.0_212-b04) (build 1.8.0_212-release-1586-b04)
# Java VM: OpenJDK 64-Bit Server VM (25.212-b04 mixed mode windows-amd64 compressed oops)
Heap:
 PSYoungGen      total 191488K, used 114591K [0x00000000e0000000, 0x00000000ef600000, 0x0000000100000000)
  eden space 171520K, 55% used [0x00000000e0000000,0x00000000e5c69cb0,0x00000000ea780000)
  from space 19968K, 99% used [0x00000000ea780000,0x00000000ebafe198,0x00000000ebb00000)
  to   space 29184K, 0% used [0x00000000ed980000,0x00000000ed980000,0x00000000ef600000)
 ParOldGen       total 117248K, used 57023K [0x00000000a0000000, 0x00000000a7280000, 0x00000000e0000000)
  object space 117248K, 48% used [0x00000000a0000000,0x00000000a37afef0,0x00000000a7280000)
 Metaspace       used 78115K, capacity 81632K, committed 81792K, reserved 1120256K
  class space    used 10382K, capacity 11130K, committed 11136K, reserved 1048576K
GC Heap History (10 events):
Event: 26.357 GC heap before
{Heap before GC invocations=16 (full 2):
 PSYoungGen      total 137728K, used 125349K [0x00000000e0000000, 0x00000000eab80000, 0x0000000100000000)
  eden space 125952K, 90% used [0x00000000e0000000,0x00000000e6eeb928,0x00000000e7b00000)
  from space 11776K, 99% used [0x00000000e7b00000,0x00000000e867dd90,0x00000000e8680000)
  to   space 15872K, 0% used [0x00000000e9c00000,0x00000000e9c00000,0x00000000eab80000)
 ParOldGen       total 75264K, used 23892K [0x00000000a0000000, 0x00000000a4980000, 0x00000000e0000000)
  object space 75264K, 31% used [0x00000000a0000000,0x00000000a1755270,0x00000000a4980000)
 Metaspace       used 57056K, capacity 59108K, committed 59136K, reserved 1099776K
  class space    used 7957K, capacity 8422K, committed 8448K, reserved 1048576K
Event: 26.391 GC heap after
Heap after GC invocations=16 (full 2):
 PSYoungGen      total 159744K, used 9988K [0x00000000e0000000, 0x00000000ebc80000, 0x0000000100000000)
  eden space 143872K, 0% used [0x00000000e0000000,0x00000000e0000000,0x00000000e8c80000)
  from space 15872K, 62% used [0x00000000e9c00000,0x00000000ea5c10e0,0x00000000eab80000)
  to   space 15872K, 0% used [0x00000000e8c80000,0x00000000e8c80000,0x00000000e9c00000)
 ParOldGen       total 75264K, used 32062K [0x00000000a0000000, 0x00000000a4980000, 0x00000000e0000000)
  object space 75264K, 42% used [0x00000000a0000000,0x00000000a1f4f9d8,0x00000000a4980000)
 Metaspace       used 57056K, capacity 59108K, committed 59136K, reserved 1099776K
  class space    used 7957K, capacity 8422K, committed 8448K, reserved 1048576K
}
Event: 26.391 GC heap before
{Heap before GC invocations=17 (full 3):
 PSYoungGen      total 159744K, used 9988K [0x00000000e0000000, 0x00000000ebc80000, 0x0000000100000000)
  eden space 143872K, 0% used [0x00000000e0000000,0x00000000e0000000,0x00000000e8c80000)
  from space 15872K, 62% used [0x00000000e9c00000,0x00000000ea5c10e0,0x00000000eab80000)
  to   space 15872K, 0% used [0x00000000e8c80000,0x00000000e8c80000,0x00000000e9c00000)
 ParOldGen       total 75264K, used 32062K [0x00000000a0000000, 0x00000000a4980000, 0x00000000e0000000)
  object space 75264K, 42% used [0x00000000a0000000,0x00000000a1f4f9d8,0x00000000a4980000)
 Metaspace       used 57056K, capacity 59108K, committed 59136K, reserved 1099776K
  class space    used 7957K, capacity 8422K, committed 8448K, reserved 1048576K
Event: 26.725 GC heap after
Heap after GC invocations=17 (full 3):
 PSYoungGen      total 159744K, used 0K [0x00000000e0000000, 0x00000000ebc80000, 0x0000000100000000)
  eden space 143872K, 0% used [0x00000000e0000000,0x00000000e0000000,0x00000000e8c80000)
  from space 15872K, 0% used [0x00000000e9c00000,0x00000000e9c00000,0x00000000eab80000)
  to   space 15872K, 0% used [0x00000000e8c80000,0x00000000e8c80000,0x00000000e9c00000)
 ParOldGen       total 117248K, used 37238K [0x00000000a0000000, 0x00000000a7280000, 0x00000000e0000000)
  object space 117248K, 31% used [0x00000000a0000000,0x00000000a245da20,0x00000000a7280000)
 Metaspace       used 57049K, capacity 59084K, committed 59136K, reserved 1099776K
  class space    used 7954K, capacity 8418K, committed 8448K, reserved 1048576K
}
Event: 30.904 GC heap before
{Heap before GC invocations=18 (full 3):
 PSYoungGen      total 159744K, used 143872K [0x00000000e0000000, 0x00000000ebc80000, 0x0000000100000000)
  eden space 143872K, 100% used [0x00000000e0000000,0x00000000e8c80000,0x00000000e8c80000)
  from space 15872K, 0% used [0x00000000e9c00000,0x00000000e9c00000,0x00000000eab80000)
  to   space 15872K, 0% used [0x00000000e8c80000,0x00000000e8c80000,0x00000000e9c00000)
 ParOldGen       total 117248K, used 37238K [0x00000000a0000000, 0x00000000a7280000, 0x00000000e0000000)
  object space 117248K, 31% used [0x00000000a0000000,0x00000000a245da20,0x00000000a7280000)
 Metaspace       used 63233K, capacity 65792K, committed 66048K, reserved 1105920K
  class space    used 8849K, capacity 9430K, committed 9472K, reserved 1048576K
Event: 30.920 GC heap after
Heap after GC invocations=18 (full 3):
 PSYoungGen      total 159744K, used 12315K [0x00000000e0000000, 0x00000000ecb80000, 0x0000000100000000)
  eden space 143872K, 0% used [0x00000000e0000000,0x00000000e0000000,0x00000000e8c80000)
  from space 15872K, 77% used [0x00000000e8c80000,0x00000000e9886c90,0x00000000e9c00000)
  to   space 16896K, 0% used [0x00000000ebb00000,0x00000000ebb00000,0x00000000ecb80000)
 ParOldGen       total 117248K, used 37246K [0x00000000a0000000, 0x00000000a7280000, 0x00000000e0000000)
  object space 117248K, 31% used [0x00000000a0000000,0x00000000a245fa20,0x00000000a7280000)
 Metaspace       used 63233K, capacity 65792K, committed 66048K, reserved 1105920K
  class space    used 8849K, capacity 9430K, committed 9472K, reserved 1048576K
}
Event: 35.545 GC heap before
{Heap before GC invocations=19 (full 3):
 PSYoungGen      total 159744K, used 156187K [0x00000000e0000000, 0x00000000ecb80000, 0x0000000100000000)
  eden space 143872K, 100% used [0x00000000e0000000,0x00000000e8c80000,0x00000000e8c80000)
  from space 15872K, 77% used [0x00000000e8c80000,0x00000000e9886c90,0x00000000e9c00000)
  to   space 16896K, 0% used [0x00000000ebb00000,0x00000000ebb00000,0x00000000ecb80000)
 ParOldGen       total 117248K, used 37246K [0x00000000a0000000, 0x00000000a7280000, 0x00000000e0000000)
  object space 117248K, 31% used [0x00000000a0000000,0x00000000a245fa20,0x00000000a7280000)
 Metaspace       used 68883K, capacity 71948K, committed 72064K, reserved 1112064K
  class space    used 9468K, capacity 10110K, committed 10112K, reserved 1048576K
Event: 35.636 GC heap after
Heap after GC invocations=19 (full 3):
 PSYoungGen      total 188416K, used 16870K [0x00000000e0000000, 0x00000000ed380000, 0x0000000100000000)
  eden space 171520K, 0% used [0x00000000e0000000,0x00000000e0000000,0x00000000ea780000)
  from space 16896K, 99% used [0x00000000ebb00000,0x00000000ecb79af0,0x00000000ecb80000)
  to   space 19968K, 0% used [0x00000000ea780000,0x00000000ea780000,0x00000000ebb00000)
 ParOldGen       total 117248K, used 40106K [0x00000000a0000000, 0x00000000a7280000, 0x00000000e0000000)
  object space 117248K, 34% used [0x00000000a0000000,0x00000000a272aba8,0x00000000a7280000)
 Metaspace       used 68883K, capacity 71948K, committed 72064K, reserved 1112064K
  class space    used 9468K, capacity 10110K, committed 10112K, reserved 1048576K
}
Event: 703.913 GC heap before
{Heap before GC invocations=20 (full 3):
 PSYoungGen      total 188416K, used 188390K [0x00000000e0000000, 0x00000000ed380000, 0x0000000100000000)
  eden space 171520K, 100% used [0x00000000e0000000,0x00000000ea780000,0x00000000ea780000)
  from space 16896K, 99% used [0x00000000ebb00000,0x00000000ecb79af0,0x00000000ecb80000)
  to   space 19968K, 0% used [0x00000000ea780000,0x00000000ea780000,0x00000000ebb00000)
 ParOldGen       total 117248K, used 40106K [0x00000000a0000000, 0x00000000a7280000, 0x00000000e0000000)
  object space 117248K, 34% used [0x00000000a0000000,0x00000000a272aba8,0x00000000a7280000)
 Metaspace       used 74257K, capacity 77518K, committed 77824K, reserved 1116160K
  class space    used 9955K, capacity 10631K, committed 10752K, reserved 1048576K
Event: 703.952 GC heap after
Heap after GC invocations=20 (full 3):
 PSYoungGen      total 191488K, used 19960K [0x00000000e0000000, 0x00000000ef600000, 0x0000000100000000)
  eden space 171520K, 0% used [0x00000000e0000000,0x00000000e0000000,0x00000000ea780000)
  from space 19968K, 99% used [0x00000000ea780000,0x00000000ebafe198,0x00000000ebb00000)
  to   space 29184K, 0% used [0x00000000ed980000,0x00000000ed980000,0x00000000ef600000)
 ParOldGen       total 117248K, used 57023K [0x00000000a0000000, 0x00000000a7280000, 0x00000000e0000000)
  object space 117248K, 48% used [0x00000000a0000000,0x00000000a37afef0,0x00000000a7280000)
 Metaspace       used 74257K, capacity 77518K, committed 77824K, reserved 1116160K
  class space    used 9955K, capacity 10631K, committed 10752K, reserved 1048576K
}

