# JRE version: OpenJDK Runtime Environment (8.0_212-b04) (build 1.8.0_212-release-1586-b04)
# Java VM: OpenJDK 64-Bit Server VM (25.212-b04 mixed mode windows-amd64 compressed oops)
Heap:
 PSYoungGen      total 230400K, used 186586K [0x00000000e0000000, 0x00000000f1a00000, 0x0000000100000000)
  eden space 215040K, 86% used [0x00000000e0000000,0x00000000eb636b50,0x00000000ed200000)
  from space 15360K, 0% used [0x00000000efc00000,0x00000000efc00000,0x00000000f0b00000)
  to   space 13312K, 0% used [0x00000000f0d00000,0x00000000f0d00000,0x00000000f1a00000)
 ParOldGen       total 88576K, used 18667K [0x00000000a0000000, 0x00000000a5680000, 0x00000000e0000000)
  object space 88576K, 21% used [0x00000000a0000000,0x00000000a123ad40,0x00000000a5680000)
 Metaspace       used 49439K, capacity 50926K, committed 51072K, reserved 1093632K
  class space    used 6639K, capacity 7027K, committed 7040K, reserved 1048576K
GC Heap History (10 events):
Event: 11.285 GC heap before
{Heap before GC invocations=5 (full 0):
 PSYoungGen      total 136192K, used 12987K [0x00000000e0000000, 0x00000000e8a00000, 0x0000000100000000)
  eden space 131072K, 6% used [0x00000000e0000000,0x00000000e07b1f50,0x00000000e8000000)
  from space 5120K, 99% used [0x00000000e8500000,0x00000000e89fd040,0x00000000e8a00000)
  to   space 5120K, 0% used [0x00000000e8000000,0x00000000e8000000,0x00000000e8500000)
 ParOldGen       total 86016K, used 11404K [0x00000000a0000000, 0x00000000a5400000, 0x00000000e0000000)
  object space 86016K, 13% used [0x00000000a0000000,0x00000000a0b23390,0x00000000a5400000)
 Metaspace       used 20763K, capacity 21250K, committed 21296K, reserved 1067008K
  class space    used 3010K, capacity 3170K, committed 3200K, reserved 1048576K
Event: 11.313 GC heap after
Heap after GC invocations=5 (full 0):
 PSYoungGen      total 136192K, used 5092K [0x00000000e0000000, 0x00000000f1a00000, 0x0000000100000000)
  eden space 131072K, 0% used [0x00000000e0000000,0x00000000e0000000,0x00000000e8000000)
  from space 5120K, 99% used [0x00000000e8000000,0x00000000e84f9050,0x00000000e8500000)
  to   space 13312K, 0% used [0x00000000f0d00000,0x00000000f0d00000,0x00000000f1a00000)
 ParOldGen       total 86016K, used 12457K [0x00000000a0000000, 0x00000000a5400000, 0x00000000e0000000)
  object space 86016K, 14% used [0x00000000a0000000,0x00000000a0c2a738,0x00000000a5400000)
 Metaspace       used 20763K, capacity 21250K, committed 21296K, reserved 1067008K
  class space    used 3010K, capacity 3170K, committed 3200K, reserved 1048576K
}
Event: 11.313 GC heap before
{Heap before GC invocations=6 (full 1):
 PSYoungGen      total 136192K, used 5092K [0x00000000e0000000, 0x00000000f1a00000, 0x0000000100000000)
  eden space 131072K, 0% used [0x00000000e0000000,0x00000000e0000000,0x00000000e8000000)
  from space 5120K, 99% used [0x00000000e8000000,0x00000000e84f9050,0x00000000e8500000)
  to   space 13312K, 0% used [0x00000000f0d00000,0x00000000f0d00000,0x00000000f1a00000)
 ParOldGen       total 86016K, used 12457K [0x00000000a0000000, 0x00000000a5400000, 0x00000000e0000000)
  object space 86016K, 14% used [0x00000000a0000000,0x00000000a0c2a738,0x00000000a5400000)
 Metaspace       used 20763K, capacity 21250K, committed 21296K, reserved 1067008K
  class space    used 3010K, capacity 3170K, committed 3200K, reserved 1048576K
Event: 11.428 GC heap after
Heap after GC invocations=6 (full 1):
 PSYoungGen      total 136192K, used 0K [0x00000000e0000000, 0x00000000f1a00000, 0x0000000100000000)
  eden space 131072K, 0% used [0x00000000e0000000,0x00000000e0000000,0x00000000e8000000)
  from space 5120K, 0% used [0x00000000e8000000,0x00000000e8000000,0x00000000e8500000)
  to   space 13312K, 0% used [0x00000000f0d00000,0x00000000f0d00000,0x00000000f1a00000)
 ParOldGen       total 59392K, used 8448K [0x00000000a0000000, 0x00000000a3a00000, 0x00000000e0000000)
  object space 59392K, 14% used [0x00000000a0000000,0x00000000a08402d8,0x00000000a3a00000)
 Metaspace       used 20763K, capacity 21250K, committed 21296K, reserved 1067008K
  class space    used 3010K, capacity 3170K, committed 3200K, reserved 1048576K
}
Event: 15.396 GC heap before
{Heap before GC invocations=7 (full 1):
 PSYoungGen      total 136192K, used 131072K [0x00000000e0000000, 0x00000000f1a00000, 0x0000000100000000)
  eden space 131072K, 100% used [0x00000000e0000000,0x00000000e8000000,0x00000000e8000000)
  from space 5120K, 0% used [0x00000000e8000000,0x00000000e8000000,0x00000000e8500000)
  to   space 13312K, 0% used [0x00000000f0d00000,0x00000000f0d00000,0x00000000f1a00000)
 ParOldGen       total 59392K, used 8448K [0x00000000a0000000, 0x00000000a3a00000, 0x00000000e0000000)
  object space 59392K, 14% used [0x00000000a0000000,0x00000000a08402d8,0x00000000a3a00000)
 Metaspace       used 32028K, capacity 32720K, committed 33024K, reserved 1077248K
  class space    used 4331K, capacity 4547K, committed 4608K, reserved 1048576K
Event: 15.411 GC heap after
Heap after GC invocations=7 (full 1):
 PSYoungGen      total 228352K, used 12884K [0x00000000e0000000, 0x00000000f1a00000, 0x0000000100000000)
  eden space 215040K, 0% used [0x00000000e0000000,0x00000000e0000000,0x00000000ed200000)
  from space 13312K, 96% used [0x00000000f0d00000,0x00000000f1995200,0x00000000f1a00000)
  to   space 15360K, 0% used [0x00000000efc00000,0x00000000efc00000,0x00000000f0b00000)
 ParOldGen       total 59392K, used 8456K [0x00000000a0000000, 0x00000000a3a00000, 0x00000000e0000000)
  object space 59392K, 14% used [0x00000000a0000000,0x00000000a08422d8,0x00000000a3a00000)
 Metaspace       used 32028K, capacity 32720K, committed 33024K, reserved 1077248K
  class space    used 4331K, capacity 4547K, committed 4608K, reserved 1048576K
}
Event: 16.919 GC heap before
{Heap before GC invocations=8 (full 1):
 PSYoungGen      total 228352K, used 77280K [0x00000000e0000000, 0x00000000f1a00000, 0x0000000100000000)
  eden space 215040K, 29% used [0x00000000e0000000,0x00000000e3ee2fa8,0x00000000ed200000)
  from space 13312K, 96% used [0x00000000f0d00000,0x00000000f1995200,0x00000000f1a00000)
  to   space 15360K, 0% used [0x00000000efc00000,0x00000000efc00000,0x00000000f0b00000)
 ParOldGen       total 59392K, used 8456K [0x00000000a0000000, 0x00000000a3a00000, 0x00000000e0000000)
  object space 59392K, 14% used [0x00000000a0000000,0x00000000a08422d8,0x00000000a3a00000)
 Metaspace       used 34693K, capacity 35398K, committed 35496K, reserved 1079296K
  class space    used 4784K, capacity 5028K, committed 5120K, reserved 1048576K
Event: 16.944 GC heap after
Heap after GC invocations=8 (full 1):
 PSYoungGen      total 230400K, used 11393K [0x00000000e0000000, 0x00000000f1a00000, 0x0000000100000000)
  eden space 215040K, 0% used [0x00000000e0000000,0x00000000e0000000,0x00000000ed200000)
  from space 15360K, 74% used [0x00000000efc00000,0x00000000f0720778,0x00000000f0b00000)
  to   space 13312K, 0% used [0x00000000f0d00000,0x00000000f0d00000,0x00000000f1a00000)
 ParOldGen       total 59392K, used 8464K [0x00000000a0000000, 0x00000000a3a00000, 0x00000000e0000000)
  object space 59392K, 14% used [0x00000000a0000000,0x00000000a08442d8,0x00000000a3a00000)
 Metaspace       used 34693K, capacity 35398K, committed 35496K, reserved 1079296K
  class space    used 4784K, capacity 5028K, committed 5120K, reserved 1048576K
}
Event: 16.944 GC heap before
{Heap before GC invocations=9 (full 2):
 PSYoungGen      total 230400K, used 11393K [0x00000000e0000000, 0x00000000f1a00000, 0x0000000100000000)
  eden space 215040K, 0% used [0x00000000e0000000,0x00000000e0000000,0x00000000ed200000)
  from space 15360K, 74% used [0x00000000efc00000,0x00000000f0720778,0x00000000f0b00000)
  to   space 13312K, 0% used [0x00000000f0d00000,0x00000000f0d00000,0x00000000f1a00000)
 ParOldGen       total 59392K, used 8464K [0x00000000a0000000, 0x00000000a3a00000, 0x00000000e0000000)
  object space 59392K, 14% used [0x00000000a0000000,0x00000000a08442d8,0x00000000a3a00000)
 Metaspace       used 34693K, capacity 35398K, committed 35496K, reserved 1079296K
  class space    used 4784K, capacity 5028K, committed 5120K, reserved 1048576K
Event: 17.046 GC heap after
Heap after GC invocations=9 (full 2):
 PSYoungGen      total 230400K, used 0K [0x00000000e0000000, 0x00000000f1a00000, 0x0000000100000000)
  eden space 215040K, 0% used [0x00000000e0000000,0x00000000e0000000,0x00000000ed200000)
  from space 15360K, 0% used [0x00000000efc00000,0x00000000efc00000,0x00000000f0b00000)
  to   space 13312K, 0% used [0x00000000f0d00000,0x00000000f0d00000,0x00000000f1a00000)
 ParOldGen       total 88576K, used 18667K [0x00000000a0000000, 0x00000000a5680000, 0x00000000e0000000)
  object space 88576K, 21% used [0x00000000a0000000,0x00000000a123ad40,0x00000000a5680000)
 Metaspace       used 34693K, capacity 35398K, committed 35496K, reserved 1079296K
  class space    used 4784K, capacity 5028K, committed 5120K, reserved 1048576K
}

