# JRE version: OpenJDK Runtime Environment (8.0_212-b04) (build 1.8.0_212-release-1586-b04)
# Java VM: OpenJDK 64-Bit Server VM (25.212-b04 mixed mode windows-amd64 compressed oops)
Heap:
 PSYoungGen      total 177664K, used 129531K [0x00000000e0000000, 0x00000000ec500000, 0x0000000100000000)
  eden space 159744K, 81% used [0x00000000e0000000,0x00000000e7e7ed38,0x00000000e9c00000)
  from space 17920K, 0% used [0x00000000eaf80000,0x00000000eaf80000,0x00000000ec100000)
  to   space 19968K, 0% used [0x00000000e9c00000,0x00000000e9c00000,0x00000000eaf80000)
 ParOldGen       total 145920K, used 36333K [0x00000000a0000000, 0x00000000a8e80000, 0x00000000e0000000)
  object space 145920K, 24% used [0x00000000a0000000,0x00000000a237b580,0x00000000a8e80000)
 Metaspace       used 59792K, capacity 62016K, committed 62208K, reserved 1103872K
  class space    used 8223K, capacity 8704K, committed 8704K, reserved 1048576K
GC Heap History (10 events):
Event: 4.861 GC heap before
{Heap before GC invocations=11 (full 2):
 PSYoungGen      total 110592K, used 10741K [0x00000000e0000000, 0x00000000e9900000, 0x0000000100000000)
  eden space 98816K, 0% used [0x00000000e0000000,0x00000000e0000000,0x00000000e6080000)
  from space 11776K, 91% used [0x00000000e6080000,0x00000000e6afd708,0x00000000e6c00000)
  to   space 12800K, 0% used [0x00000000e8c80000,0x00000000e8c80000,0x00000000e9900000)
 ParOldGen       total 62464K, used 9849K [0x00000000a0000000, 0x00000000a3d00000, 0x00000000e0000000)
  object space 62464K, 15% used [0x00000000a0000000,0x00000000a099e448,0x00000000a3d00000)
 Metaspace       used 34616K, capacity 35432K, committed 35496K, reserved 1079296K
  class space    used 4749K, capacity 4959K, committed 4992K, reserved 1048576K
Event: 4.925 GC heap after
Heap after GC invocations=11 (full 2):
 PSYoungGen      total 110592K, used 0K [0x00000000e0000000, 0x00000000e9900000, 0x0000000100000000)
  eden space 98816K, 0% used [0x00000000e0000000,0x00000000e0000000,0x00000000e6080000)
  from space 11776K, 0% used [0x00000000e6080000,0x00000000e6080000,0x00000000e6c00000)
  to   space 12800K, 0% used [0x00000000e8c80000,0x00000000e8c80000,0x00000000e9900000)
 ParOldGen       total 95232K, used 17584K [0x00000000a0000000, 0x00000000a5d00000, 0x00000000e0000000)
  object space 95232K, 18% used [0x00000000a0000000,0x00000000a112c360,0x00000000a5d00000)
 Metaspace       used 34616K, capacity 35432K, committed 35496K, reserved 1079296K
  class space    used 4749K, capacity 4959K, committed 4992K, reserved 1048576K
}
Event: 6.234 GC heap before
{Heap before GC invocations=12 (full 2):
 PSYoungGen      total 110592K, used 98816K [0x00000000e0000000, 0x00000000e9900000, 0x0000000100000000)
  eden space 98816K, 100% used [0x00000000e0000000,0x00000000e6080000,0x00000000e6080000)
  from space 11776K, 0% used [0x00000000e6080000,0x00000000e6080000,0x00000000e6c00000)
  to   space 12800K, 0% used [0x00000000e8c80000,0x00000000e8c80000,0x00000000e9900000)
 ParOldGen       total 95232K, used 17584K [0x00000000a0000000, 0x00000000a5d00000, 0x00000000e0000000)
  object space 95232K, 18% used [0x00000000a0000000,0x00000000a112c360,0x00000000a5d00000)
 Metaspace       used 44470K, capacity 45540K, committed 45824K, reserved 1089536K
  class space    used 5997K, capacity 6316K, committed 6400K, reserved 1048576K
Event: 6.253 GC heap after
Heap after GC invocations=12 (full 2):
 PSYoungGen      total 139264K, used 12799K [0x00000000e0000000, 0x00000000e9900000, 0x0000000100000000)
  eden space 126464K, 0% used [0x00000000e0000000,0x00000000e0000000,0x00000000e7b80000)
  from space 12800K, 99% used [0x00000000e8c80000,0x00000000e98fffd0,0x00000000e9900000)
  to   space 14336K, 0% used [0x00000000e7d00000,0x00000000e7d00000,0x00000000e8b00000)
 ParOldGen       total 95232K, used 17592K [0x00000000a0000000, 0x00000000a5d00000, 0x00000000e0000000)
  object space 95232K, 18% used [0x00000000a0000000,0x00000000a112e360,0x00000000a5d00000)
 Metaspace       used 44470K, capacity 45540K, committed 45824K, reserved 1089536K
  class space    used 5997K, capacity 6316K, committed 6400K, reserved 1048576K
}
Event: 7.830 GC heap before
{Heap before GC invocations=13 (full 2):
 PSYoungGen      total 139264K, used 139263K [0x00000000e0000000, 0x00000000e9900000, 0x0000000100000000)
  eden space 126464K, 100% used [0x00000000e0000000,0x00000000e7b80000,0x00000000e7b80000)
  from space 12800K, 99% used [0x00000000e8c80000,0x00000000e98fffd0,0x00000000e9900000)
  to   space 14336K, 0% used [0x00000000e7d00000,0x00000000e7d00000,0x00000000e8b00000)
 ParOldGen       total 95232K, used 17592K [0x00000000a0000000, 0x00000000a5d00000, 0x00000000e0000000)
  object space 95232K, 18% used [0x00000000a0000000,0x00000000a112e360,0x00000000a5d00000)
 Metaspace       used 52784K, capacity 54500K, committed 54656K, reserved 1095680K
  class space    used 7247K, capacity 7690K, committed 7808K, reserved 1048576K
Event: 7.866 GC heap after
Heap after GC invocations=13 (full 2):
 PSYoungGen      total 142336K, used 14332K [0x00000000e0000000, 0x00000000ec100000, 0x0000000100000000)
  eden space 128000K, 0% used [0x00000000e0000000,0x00000000e0000000,0x00000000e7d00000)
  from space 14336K, 99% used [0x00000000e7d00000,0x00000000e8aff350,0x00000000e8b00000)
  to   space 17920K, 0% used [0x00000000eaf80000,0x00000000eaf80000,0x00000000ec100000)
 ParOldGen       total 95232K, used 23133K [0x00000000a0000000, 0x00000000a5d00000, 0x00000000e0000000)
  object space 95232K, 24% used [0x00000000a0000000,0x00000000a1697770,0x00000000a5d00000)
 Metaspace       used 52784K, capacity 54500K, committed 54656K, reserved 1095680K
  class space    used 7247K, capacity 7690K, committed 7808K, reserved 1048576K
}
Event: 11.927 GC heap before
{Heap before GC invocations=14 (full 2):
 PSYoungGen      total 142336K, used 82006K [0x00000000e0000000, 0x00000000ec100000, 0x0000000100000000)
  eden space 128000K, 52% used [0x00000000e0000000,0x00000000e4216630,0x00000000e7d00000)
  from space 14336K, 99% used [0x00000000e7d00000,0x00000000e8aff350,0x00000000e8b00000)
  to   space 17920K, 0% used [0x00000000eaf80000,0x00000000eaf80000,0x00000000ec100000)
 ParOldGen       total 95232K, used 23133K [0x00000000a0000000, 0x00000000a5d00000, 0x00000000e0000000)
  object space 95232K, 24% used [0x00000000a0000000,0x00000000a1697770,0x00000000a5d00000)
 Metaspace       used 57158K, capacity 59010K, committed 59160K, reserved 1099776K
  class space    used 7863K, capacity 8313K, committed 8320K, reserved 1048576K
Event: 11.986 GC heap after
Heap after GC invocations=14 (full 2):
 PSYoungGen      total 177664K, used 15932K [0x00000000e0000000, 0x00000000ec500000, 0x0000000100000000)
  eden space 159744K, 0% used [0x00000000e0000000,0x00000000e0000000,0x00000000e9c00000)
  from space 17920K, 88% used [0x00000000eaf80000,0x00000000ebf0f258,0x00000000ec100000)
  to   space 19968K, 0% used [0x00000000e9c00000,0x00000000e9c00000,0x00000000eaf80000)
 ParOldGen       total 95232K, used 28817K [0x00000000a0000000, 0x00000000a5d00000, 0x00000000e0000000)
  object space 95232K, 30% used [0x00000000a0000000,0x00000000a1c247a8,0x00000000a5d00000)
 Metaspace       used 57158K, capacity 59010K, committed 59160K, reserved 1099776K
  class space    used 7863K, capacity 8313K, committed 8320K, reserved 1048576K
}
Event: 11.986 GC heap before
{Heap before GC invocations=15 (full 3):
 PSYoungGen      total 177664K, used 15932K [0x00000000e0000000, 0x00000000ec500000, 0x0000000100000000)
  eden space 159744K, 0% used [0x00000000e0000000,0x00000000e0000000,0x00000000e9c00000)
  from space 17920K, 88% used [0x00000000eaf80000,0x00000000ebf0f258,0x00000000ec100000)
  to   space 19968K, 0% used [0x00000000e9c00000,0x00000000e9c00000,0x00000000eaf80000)
 ParOldGen       total 95232K, used 28817K [0x00000000a0000000, 0x00000000a5d00000, 0x00000000e0000000)
  object space 95232K, 30% used [0x00000000a0000000,0x00000000a1c247a8,0x00000000a5d00000)
 Metaspace       used 57158K, capacity 59010K, committed 59160K, reserved 1099776K
  class space    used 7863K, capacity 8313K, committed 8320K, reserved 1048576K
Event: 12.469 GC heap after
Heap after GC invocations=15 (full 3):
 PSYoungGen      total 177664K, used 0K [0x00000000e0000000, 0x00000000ec500000, 0x0000000100000000)
  eden space 159744K, 0% used [0x00000000e0000000,0x00000000e0000000,0x00000000e9c00000)
  from space 17920K, 0% used [0x00000000eaf80000,0x00000000eaf80000,0x00000000ec100000)
  to   space 19968K, 0% used [0x00000000e9c00000,0x00000000e9c00000,0x00000000eaf80000)
 ParOldGen       total 145920K, used 36333K [0x00000000a0000000, 0x00000000a8e80000, 0x00000000e0000000)
  object space 145920K, 24% used [0x00000000a0000000,0x00000000a237b580,0x00000000a8e80000)
 Metaspace       used 57158K, capacity 59010K, committed 59160K, reserved 1099776K
  class space    used 7863K, capacity 8313K, committed 8320K, reserved 1048576K
}

