# JRE version: OpenJDK Runtime Environment (8.0_212-b04) (build 1.8.0_212-release-1586-b04)
# Java VM: OpenJDK 64-Bit Server VM (25.212-b04 mixed mode windows-amd64 compressed oops)
Heap:
 PSYoungGen      total 139776K, used 139749K [0x00000000e0000000, 0x00000000e9800000, 0x0000000100000000)
  eden space 126976K, 100% used [0x00000000e0000000,0x00000000e7c00000,0x00000000e7c00000)
  from space 12800K, 99% used [0x00000000e8b00000,0x00000000e97796e8,0x00000000e9780000)
  to   space 14336K, 13% used [0x00000000e7c00000,0x00000000e7dd4170,0x00000000e8a00000)
 ParOldGen       total 96256K, used 56142K [0x00000000a0000000, 0x00000000a5e00000, 0x00000000e0000000)
  object space 96256K, 58% used [0x00000000a0000000,0x00000000a36d7940,0x00000000a5e00000)
 Metaspace       used 64786K, capacity 67276K, committed 67544K, reserved 1107968K
  class space    used 8748K, capacity 9340K, committed 9432K, reserved 1048576K
GC Heap History (10 events):
Event: 8.809 GC heap after
Heap after GC invocations=13 (full 2):
 PSYoungGen      total 141312K, used 14316K [0x00000000e0000000, 0x00000000e9800000, 0x0000000100000000)
  eden space 126976K, 0% used [0x00000000e0000000,0x00000000e0000000,0x00000000e7c00000)
  from space 14336K, 99% used [0x00000000e7c00000,0x00000000e89fb330,0x00000000e8a00000)
  to   space 12800K, 0% used [0x00000000e8b00000,0x00000000e8b00000,0x00000000e9780000)
 ParOldGen       total 96256K, used 23253K [0x00000000a0000000, 0x00000000a5e00000, 0x00000000e0000000)
  object space 96256K, 24% used [0x00000000a0000000,0x00000000a16b54e8,0x00000000a5e00000)
 Metaspace       used 52745K, capacity 54500K, committed 54656K, reserved 1095680K
  class space    used 7246K, capacity 7690K, committed 7808K, reserved 1048576K
}
Event: 9.858 GC heap before
{Heap before GC invocations=14 (full 2):
 PSYoungGen      total 141312K, used 83859K [0x00000000e0000000, 0x00000000e9800000, 0x0000000100000000)
  eden space 126976K, 54% used [0x00000000e0000000,0x00000000e43e9b68,0x00000000e7c00000)
  from space 14336K, 99% used [0x00000000e7c00000,0x00000000e89fb330,0x00000000e8a00000)
  to   space 12800K, 0% used [0x00000000e8b00000,0x00000000e8b00000,0x00000000e9780000)
 ParOldGen       total 96256K, used 23253K [0x00000000a0000000, 0x00000000a5e00000, 0x00000000e0000000)
  object space 96256K, 24% used [0x00000000a0000000,0x00000000a16b54e8,0x00000000a5e00000)
 Metaspace       used 57044K, capacity 58970K, committed 59096K, reserved 1099776K
  class space    used 7863K, capacity 8345K, committed 8408K, reserved 1048576K
Event: 9.879 GC heap after
Heap after GC invocations=14 (full 2):
 PSYoungGen      total 139776K, used 12785K [0x00000000e0000000, 0x00000000e9800000, 0x0000000100000000)
  eden space 126976K, 0% used [0x00000000e0000000,0x00000000e0000000,0x00000000e7c00000)
  from space 12800K, 99% used [0x00000000e8b00000,0x00000000e977c4e0,0x00000000e9780000)
  to   space 14336K, 0% used [0x00000000e7c00000,0x00000000e7c00000,0x00000000e8a00000)
 ParOldGen       total 96256K, used 32009K [0x00000000a0000000, 0x00000000a5e00000, 0x00000000e0000000)
  object space 96256K, 33% used [0x00000000a0000000,0x00000000a1f42460,0x00000000a5e00000)
 Metaspace       used 57044K, capacity 58970K, committed 59096K, reserved 1099776K
  class space    used 7863K, capacity 8345K, committed 8408K, reserved 1048576K
}
Event: 9.879 GC heap before
{Heap before GC invocations=15 (full 3):
 PSYoungGen      total 139776K, used 12785K [0x00000000e0000000, 0x00000000e9800000, 0x0000000100000000)
  eden space 126976K, 0% used [0x00000000e0000000,0x00000000e0000000,0x00000000e7c00000)
  from space 12800K, 99% used [0x00000000e8b00000,0x00000000e977c4e0,0x00000000e9780000)
  to   space 14336K, 0% used [0x00000000e7c00000,0x00000000e7c00000,0x00000000e8a00000)
 ParOldGen       total 96256K, used 32009K [0x00000000a0000000, 0x00000000a5e00000, 0x00000000e0000000)
  object space 96256K, 33% used [0x00000000a0000000,0x00000000a1f42460,0x00000000a5e00000)
 Metaspace       used 57044K, capacity 58970K, committed 59096K, reserved 1099776K
  class space    used 7863K, capacity 8345K, committed 8408K, reserved 1048576K
Event: 10.136 GC heap after
Heap after GC invocations=15 (full 3):
 PSYoungGen      total 139776K, used 0K [0x00000000e0000000, 0x00000000e9800000, 0x0000000100000000)
  eden space 126976K, 0% used [0x00000000e0000000,0x00000000e0000000,0x00000000e7c00000)
  from space 12800K, 0% used [0x00000000e8b00000,0x00000000e8b00000,0x00000000e9780000)
  to   space 14336K, 0% used [0x00000000e7c00000,0x00000000e7c00000,0x00000000e8a00000)
 ParOldGen       total 96256K, used 36408K [0x00000000a0000000, 0x00000000a5e00000, 0x00000000e0000000)
  object space 96256K, 37% used [0x00000000a0000000,0x00000000a238e238,0x00000000a5e00000)
 Metaspace       used 57044K, capacity 58970K, committed 59096K, reserved 1099776K
  class space    used 7863K, capacity 8345K, committed 8408K, reserved 1048576K
}
Event: 11.716 GC heap before
{Heap before GC invocations=16 (full 3):
 PSYoungGen      total 139776K, used 126976K [0x00000000e0000000, 0x00000000e9800000, 0x0000000100000000)
  eden space 126976K, 100% used [0x00000000e0000000,0x00000000e7c00000,0x00000000e7c00000)
  from space 12800K, 0% used [0x00000000e8b00000,0x00000000e8b00000,0x00000000e9780000)
  to   space 14336K, 0% used [0x00000000e7c00000,0x00000000e7c00000,0x00000000e8a00000)
 ParOldGen       total 96256K, used 36408K [0x00000000a0000000, 0x00000000a5e00000, 0x00000000e0000000)
  object space 96256K, 37% used [0x00000000a0000000,0x00000000a238e238,0x00000000a5e00000)
 Metaspace       used 59613K, capacity 61748K, committed 62040K, reserved 1101824K
  class space    used 8219K, capacity 8704K, committed 8792K, reserved 1048576K
Event: 11.728 GC heap after
Heap after GC invocations=16 (full 3):
 PSYoungGen      total 141312K, used 10991K [0x00000000e0000000, 0x00000000e9800000, 0x0000000100000000)
  eden space 126976K, 0% used [0x00000000e0000000,0x00000000e0000000,0x00000000e7c00000)
  from space 14336K, 76% used [0x00000000e7c00000,0x00000000e86bbea0,0x00000000e8a00000)
  to   space 12800K, 0% used [0x00000000e8b00000,0x00000000e8b00000,0x00000000e9780000)
 ParOldGen       total 96256K, used 36416K [0x00000000a0000000, 0x00000000a5e00000, 0x00000000e0000000)
  object space 96256K, 37% used [0x00000000a0000000,0x00000000a2390238,0x00000000a5e00000)
 Metaspace       used 59613K, capacity 61748K, committed 62040K, reserved 1101824K
  class space    used 8219K, capacity 8704K, committed 8792K, reserved 1048576K
}
Event: 14.606 GC heap before
{Heap before GC invocations=17 (full 3):
 PSYoungGen      total 141312K, used 137967K [0x00000000e0000000, 0x00000000e9800000, 0x0000000100000000)
  eden space 126976K, 100% used [0x00000000e0000000,0x00000000e7c00000,0x00000000e7c00000)
  from space 14336K, 76% used [0x00000000e7c00000,0x00000000e86bbea0,0x00000000e8a00000)
  to   space 12800K, 0% used [0x00000000e8b00000,0x00000000e8b00000,0x00000000e9780000)
 ParOldGen       total 96256K, used 36416K [0x00000000a0000000, 0x00000000a5e00000, 0x00000000e0000000)
  object space 96256K, 37% used [0x00000000a0000000,0x00000000a2390238,0x00000000a5e00000)
 Metaspace       used 61071K, capacity 63296K, committed 63448K, reserved 1103872K
  class space    used 8366K, capacity 8862K, committed 8920K, reserved 1048576K
Event: 14.628 GC heap after
Heap after GC invocations=17 (full 3):
 PSYoungGen      total 139776K, used 12773K [0x00000000e0000000, 0x00000000e9800000, 0x0000000100000000)
  eden space 126976K, 0% used [0x00000000e0000000,0x00000000e0000000,0x00000000e7c00000)
  from space 12800K, 99% used [0x00000000e8b00000,0x00000000e97796e8,0x00000000e9780000)
  to   space 14336K, 0% used [0x00000000e7c00000,0x00000000e7c00000,0x00000000e8a00000)
 ParOldGen       total 96256K, used 50765K [0x00000000a0000000, 0x00000000a5e00000, 0x00000000e0000000)
  object space 96256K, 52% used [0x00000000a0000000,0x00000000a31935c0,0x00000000a5e00000)
 Metaspace       used 61071K, capacity 63296K, committed 63448K, reserved 1103872K
  class space    used 8366K, capacity 8862K, committed 8920K, reserved 1048576K
}
Event: 16.722 GC heap before
{Heap before GC invocations=18 (full 3):
 PSYoungGen      total 139776K, used 139749K [0x00000000e0000000, 0x00000000e9800000, 0x0000000100000000)
  eden space 126976K, 100% used [0x00000000e0000000,0x00000000e7c00000,0x00000000e7c00000)
  from space 12800K, 99% used [0x00000000e8b00000,0x00000000e97796e8,0x00000000e9780000)
  to   space 14336K, 0% used [0x00000000e7c00000,0x00000000e7c00000,0x00000000e8a00000)
 ParOldGen       total 96256K, used 50765K [0x00000000a0000000, 0x00000000a5e00000, 0x00000000e0000000)
  object space 96256K, 52% used [0x00000000a0000000,0x00000000a31935c0,0x00000000a5e00000)
 Metaspace       used 64786K, capacity 67276K, committed 67544K, reserved 1107968K
  class space    used 8748K, capacity 9340K, committed 9432K, reserved 1048576K

