# JRE version: OpenJDK Runtime Environment (8.0_212-b04) (build 1.8.0_212-release-1586-b04)
# Java VM: OpenJDK 64-Bit Server VM (25.212-b04 mixed mode windows-amd64 compressed oops)
Heap:
 PSYoungGen      total 184832K, used 28479K [0x00000000e0000000, 0x00000000ee380000, 0x0000000100000000)
  eden space 166912K, 8% used [0x00000000e0000000,0x00000000e0dcfa18,0x00000000ea300000)
  from space 17920K, 80% used [0x00000000ea300000,0x00000000eb1005a0,0x00000000eb480000)
  to   space 18944K, 0% used [0x00000000ed100000,0x00000000ed100000,0x00000000ee380000)
 ParOldGen       total 90624K, used 36030K [0x00000000a0000000, 0x00000000a5880000, 0x00000000e0000000)
  object space 90624K, 39% used [0x00000000a0000000,0x00000000a232fa38,0x00000000a5880000)
 Metaspace       used 60968K, capacity 63380K, committed 63448K, reserved 1103872K
  class space    used 8380K, capacity 8888K, committed 8920K, reserved 1048576K
GC Heap History (10 events):
Event: 6.481 GC heap before
{Heap before GC invocations=12 (full 2):
 PSYoungGen      total 113152K, used 100896K [0x00000000e0000000, 0x00000000ea100000, 0x0000000100000000)
  eden space 101376K, 99% used [0x00000000e0000000,0x00000000e62883f0,0x00000000e6300000)
  from space 11776K, 0% used [0x00000000e6300000,0x00000000e6300000,0x00000000e6e80000)
  to   space 12800K, 0% used [0x00000000e9480000,0x00000000e9480000,0x00000000ea100000)
 ParOldGen       total 90624K, used 17654K [0x00000000a0000000, 0x00000000a5880000, 0x00000000e0000000)
  object space 90624K, 19% used [0x00000000a0000000,0x00000000a113da80,0x00000000a5880000)
 Metaspace       used 44554K, capacity 45672K, committed 45824K, reserved 1089536K
  class space    used 6009K, capacity 6316K, committed 6400K, reserved 1048576K
Event: 6.492 GC heap after
Heap after GC invocations=12 (full 2):
 PSYoungGen      total 143360K, used 12791K [0x00000000e0000000, 0x00000000ea100000, 0x0000000100000000)
  eden space 130560K, 0% used [0x00000000e0000000,0x00000000e0000000,0x00000000e7f80000)
  from space 12800K, 99% used [0x00000000e9480000,0x00000000ea0fded8,0x00000000ea100000)
  to   space 14336K, 0% used [0x00000000e8500000,0x00000000e8500000,0x00000000e9300000)
 ParOldGen       total 90624K, used 18425K [0x00000000a0000000, 0x00000000a5880000, 0x00000000e0000000)
  object space 90624K, 20% used [0x00000000a0000000,0x00000000a11fe530,0x00000000a5880000)
 Metaspace       used 44554K, capacity 45672K, committed 45824K, reserved 1089536K
  class space    used 6009K, capacity 6316K, committed 6400K, reserved 1048576K
}
Event: 8.111 GC heap before
{Heap before GC invocations=13 (full 2):
 PSYoungGen      total 143360K, used 143351K [0x00000000e0000000, 0x00000000ea100000, 0x0000000100000000)
  eden space 130560K, 100% used [0x00000000e0000000,0x00000000e7f80000,0x00000000e7f80000)
  from space 12800K, 99% used [0x00000000e9480000,0x00000000ea0fded8,0x00000000ea100000)
  to   space 14336K, 0% used [0x00000000e8500000,0x00000000e8500000,0x00000000e9300000)
 ParOldGen       total 90624K, used 18425K [0x00000000a0000000, 0x00000000a5880000, 0x00000000e0000000)
  object space 90624K, 20% used [0x00000000a0000000,0x00000000a11fe530,0x00000000a5880000)
 Metaspace       used 53032K, capacity 54718K, committed 54912K, reserved 1095680K
  class space    used 7289K, capacity 7705K, committed 7808K, reserved 1048576K
Event: 8.131 GC heap after
Heap after GC invocations=13 (full 2):
 PSYoungGen      total 150528K, used 14326K [0x00000000e0000000, 0x00000000ec680000, 0x0000000100000000)
  eden space 136192K, 0% used [0x00000000e0000000,0x00000000e0000000,0x00000000e8500000)
  from space 14336K, 99% used [0x00000000e8500000,0x00000000e92fdbf8,0x00000000e9300000)
  to   space 18432K, 0% used [0x00000000eb480000,0x00000000eb480000,0x00000000ec680000)
 ParOldGen       total 90624K, used 24517K [0x00000000a0000000, 0x00000000a5880000, 0x00000000e0000000)
  object space 90624K, 27% used [0x00000000a0000000,0x00000000a17f17c8,0x00000000a5880000)
 Metaspace       used 53032K, capacity 54718K, committed 54912K, reserved 1095680K
  class space    used 7289K, capacity 7705K, committed 7808K, reserved 1048576K
}
Event: 9.017 GC heap before
{Heap before GC invocations=14 (full 2):
 PSYoungGen      total 150528K, used 80887K [0x00000000e0000000, 0x00000000ec680000, 0x0000000100000000)
  eden space 136192K, 48% used [0x00000000e0000000,0x00000000e4100230,0x00000000e8500000)
  from space 14336K, 99% used [0x00000000e8500000,0x00000000e92fdbf8,0x00000000e9300000)
  to   space 18432K, 0% used [0x00000000eb480000,0x00000000eb480000,0x00000000ec680000)
 ParOldGen       total 90624K, used 24517K [0x00000000a0000000, 0x00000000a5880000, 0x00000000e0000000)
  object space 90624K, 27% used [0x00000000a0000000,0x00000000a17f17c8,0x00000000a5880000)
 Metaspace       used 57109K, capacity 59022K, committed 59096K, reserved 1099776K
  class space    used 7869K, capacity 8337K, committed 8408K, reserved 1048576K
Event: 9.039 GC heap after
Heap after GC invocations=14 (full 2):
 PSYoungGen      total 185344K, used 6554K [0x00000000e0000000, 0x00000000ece00000, 0x0000000100000000)
  eden space 166912K, 0% used [0x00000000e0000000,0x00000000e0000000,0x00000000ea300000)
  from space 18432K, 35% used [0x00000000eb480000,0x00000000ebae6b68,0x00000000ec680000)
  to   space 17920K, 0% used [0x00000000ea300000,0x00000000ea300000,0x00000000eb480000)
 ParOldGen       total 90624K, used 33781K [0x00000000a0000000, 0x00000000a5880000, 0x00000000e0000000)
  object space 90624K, 37% used [0x00000000a0000000,0x00000000a20fd5e8,0x00000000a5880000)
 Metaspace       used 57109K, capacity 59022K, committed 59096K, reserved 1099776K
  class space    used 7869K, capacity 8337K, committed 8408K, reserved 1048576K
}
Event: 9.039 GC heap before
{Heap before GC invocations=15 (full 3):
 PSYoungGen      total 185344K, used 6554K [0x00000000e0000000, 0x00000000ece00000, 0x0000000100000000)
  eden space 166912K, 0% used [0x00000000e0000000,0x00000000e0000000,0x00000000ea300000)
  from space 18432K, 35% used [0x00000000eb480000,0x00000000ebae6b68,0x00000000ec680000)
  to   space 17920K, 0% used [0x00000000ea300000,0x00000000ea300000,0x00000000eb480000)
 ParOldGen       total 90624K, used 33781K [0x00000000a0000000, 0x00000000a5880000, 0x00000000e0000000)
  object space 90624K, 37% used [0x00000000a0000000,0x00000000a20fd5e8,0x00000000a5880000)
 Metaspace       used 57109K, capacity 59022K, committed 59096K, reserved 1099776K
  class space    used 7869K, capacity 8337K, committed 8408K, reserved 1048576K
Event: 9.409 GC heap after
Heap after GC invocations=15 (full 3):
 PSYoungGen      total 185344K, used 0K [0x00000000e0000000, 0x00000000ece00000, 0x0000000100000000)
  eden space 166912K, 0% used [0x00000000e0000000,0x00000000e0000000,0x00000000ea300000)
  from space 18432K, 0% used [0x00000000eb480000,0x00000000eb480000,0x00000000ec680000)
  to   space 17920K, 0% used [0x00000000ea300000,0x00000000ea300000,0x00000000eb480000)
 ParOldGen       total 90624K, used 36022K [0x00000000a0000000, 0x00000000a5880000, 0x00000000e0000000)
  object space 90624K, 39% used [0x00000000a0000000,0x00000000a232da38,0x00000000a5880000)
 Metaspace       used 57109K, capacity 59022K, committed 59096K, reserved 1099776K
  class space    used 7869K, capacity 8337K, committed 8408K, reserved 1048576K
}
Event: 11.592 GC heap before
{Heap before GC invocations=16 (full 3):
 PSYoungGen      total 185344K, used 166912K [0x00000000e0000000, 0x00000000ece00000, 0x0000000100000000)
  eden space 166912K, 100% used [0x00000000e0000000,0x00000000ea300000,0x00000000ea300000)
  from space 18432K, 0% used [0x00000000eb480000,0x00000000eb480000,0x00000000ec680000)
  to   space 17920K, 0% used [0x00000000ea300000,0x00000000ea300000,0x00000000eb480000)
 ParOldGen       total 90624K, used 36022K [0x00000000a0000000, 0x00000000a5880000, 0x00000000e0000000)
  object space 90624K, 39% used [0x00000000a0000000,0x00000000a232da38,0x00000000a5880000)
 Metaspace       used 60871K, capacity 63252K, committed 63448K, reserved 1103872K
  class space    used 8374K, capacity 8888K, committed 8920K, reserved 1048576K
Event: 11.614 GC heap after
Heap after GC invocations=16 (full 3):
 PSYoungGen      total 184832K, used 14337K [0x00000000e0000000, 0x00000000ee380000, 0x0000000100000000)
  eden space 166912K, 0% used [0x00000000e0000000,0x00000000e0000000,0x00000000ea300000)
  from space 17920K, 80% used [0x00000000ea300000,0x00000000eb1005a0,0x00000000eb480000)
  to   space 18944K, 0% used [0x00000000ed100000,0x00000000ed100000,0x00000000ee380000)
 ParOldGen       total 90624K, used 36030K [0x00000000a0000000, 0x00000000a5880000, 0x00000000e0000000)
  object space 90624K, 39% used [0x00000000a0000000,0x00000000a232fa38,0x00000000a5880000)
 Metaspace       used 60871K, capacity 63252K, committed 63448K, reserved 1103872K
  class space    used 8374K, capacity 8888K, committed 8920K, reserved 1048576K
}

