# JRE version: OpenJDK Runtime Environment (8.0_212-b04) (build 1.8.0_212-release-1586-b04)
# Java VM: OpenJDK 64-Bit Server VM (25.212-b04 mixed mode windows-amd64 compressed oops)
Heap:
 PSYoungGen      total 222208K, used 95423K [0x00000000e0000000, 0x00000000f1600000, 0x0000000100000000)
  eden space 167936K, 56% used [0x00000000e0000000,0x00000000e5d2fd20,0x00000000ea400000)
  from space 54272K, 0% used [0x00000000edd00000,0x00000000edd00000,0x00000000f1200000)
  to   space 58368K, 0% used [0x00000000ea400000,0x00000000ea400000,0x00000000edd00000)
 ParOldGen       total 221184K, used 68412K [0x00000000a0000000, 0x00000000ad800000, 0x00000000e0000000)
  object space 221184K, 30% used [0x00000000a0000000,0x00000000a42cf378,0x00000000ad800000)
 Metaspace       used 94288K, capacity 97840K, committed 98840K, reserved 1134592K
  class space    used 12306K, capacity 13052K, committed 13336K, reserved 1048576K
GC Heap History (10 events):
Event: 86.979 GC heap before
{Heap before GC invocations=24 (full 3):
 PSYoungGen      total 158720K, used 157216K [0x00000000e0000000, 0x00000000ec400000, 0x0000000100000000)
  eden space 126976K, 100% used [0x00000000e0000000,0x00000000e7c00000,0x00000000e7c00000)
  from space 31744K, 95% used [0x00000000e9f00000,0x00000000ebc88278,0x00000000ebe00000)
  to   space 35840K, 0% used [0x00000000e7c00000,0x00000000e7c00000,0x00000000e9f00000)
 ParOldGen       total 150016K, used 52208K [0x00000000a0000000, 0x00000000a9280000, 0x00000000e0000000)
  object space 150016K, 34% used [0x00000000a0000000,0x00000000a32fc150,0x00000000a9280000)
 Metaspace       used 73585K, capacity 76222K, committed 76568K, reserved 1116160K
  class space    used 9831K, capacity 10407K, committed 10520K, reserved 1048576K
Event: 87.020 GC heap after
Heap after GC invocations=24 (full 3):
 PSYoungGen      total 162816K, used 35839K [0x00000000e0000000, 0x00000000ee400000, 0x0000000100000000)
  eden space 126976K, 0% used [0x00000000e0000000,0x00000000e0000000,0x00000000e7c00000)
  from space 35840K, 99% used [0x00000000e7c00000,0x00000000e9effc70,0x00000000e9f00000)
  to   space 43008K, 0% used [0x00000000eba00000,0x00000000eba00000,0x00000000ee400000)
 ParOldGen       total 150016K, used 56760K [0x00000000a0000000, 0x00000000a9280000, 0x00000000e0000000)
  object space 150016K, 37% used [0x00000000a0000000,0x00000000a376e0f8,0x00000000a9280000)
 Metaspace       used 73585K, capacity 76222K, committed 76568K, reserved 1116160K
  class space    used 9831K, capacity 10407K, committed 10520K, reserved 1048576K
}
Event: 92.659 GC heap before
{Heap before GC invocations=25 (full 3):
 PSYoungGen      total 162816K, used 162815K [0x00000000e0000000, 0x00000000ee400000, 0x0000000100000000)
  eden space 126976K, 100% used [0x00000000e0000000,0x00000000e7c00000,0x00000000e7c00000)
  from space 35840K, 99% used [0x00000000e7c00000,0x00000000e9effc70,0x00000000e9f00000)
  to   space 43008K, 0% used [0x00000000eba00000,0x00000000eba00000,0x00000000ee400000)
 ParOldGen       total 150016K, used 56760K [0x00000000a0000000, 0x00000000a9280000, 0x00000000e0000000)
  object space 150016K, 37% used [0x00000000a0000000,0x00000000a376e0f8,0x00000000a9280000)
 Metaspace       used 78886K, capacity 81584K, committed 81688K, reserved 1120256K
  class space    used 10423K, capacity 11018K, committed 11032K, reserved 1048576K
Event: 92.738 GC heap after
Heap after GC invocations=25 (full 3):
 PSYoungGen      total 184832K, used 40122K [0x00000000e0000000, 0x00000000ef180000, 0x0000000100000000)
  eden space 141824K, 0% used [0x00000000e0000000,0x00000000e0000000,0x00000000e8a80000)
  from space 43008K, 93% used [0x00000000eba00000,0x00000000ee12e978,0x00000000ee400000)
  to   space 48640K, 0% used [0x00000000e8a80000,0x00000000e8a80000,0x00000000eba00000)
 ParOldGen       total 150016K, used 56768K [0x00000000a0000000, 0x00000000a9280000, 0x00000000e0000000)
  object space 150016K, 37% used [0x00000000a0000000,0x00000000a37700f8,0x00000000a9280000)
 Metaspace       used 78886K, capacity 81584K, committed 81688K, reserved 1120256K
  class space    used 10423K, capacity 11018K, committed 11032K, reserved 1048576K
}
Event: 95.673 GC heap before
{Heap before GC invocations=26 (full 3):
 PSYoungGen      total 184832K, used 181946K [0x00000000e0000000, 0x00000000ef180000, 0x0000000100000000)
  eden space 141824K, 100% used [0x00000000e0000000,0x00000000e8a80000,0x00000000e8a80000)
  from space 43008K, 93% used [0x00000000eba00000,0x00000000ee12e978,0x00000000ee400000)
  to   space 48640K, 0% used [0x00000000e8a80000,0x00000000e8a80000,0x00000000eba00000)
 ParOldGen       total 150016K, used 56768K [0x00000000a0000000, 0x00000000a9280000, 0x00000000e0000000)
  object space 150016K, 37% used [0x00000000a0000000,0x00000000a37700f8,0x00000000a9280000)
 Metaspace       used 87172K, capacity 90780K, committed 90904K, reserved 1128448K
  class space    used 11539K, capacity 12244K, committed 12312K, reserved 1048576K
Event: 95.742 GC heap after
Heap after GC invocations=26 (full 3):
 PSYoungGen      total 190464K, used 42085K [0x00000000e0000000, 0x00000000f1200000, 0x0000000100000000)
  eden space 141824K, 0% used [0x00000000e0000000,0x00000000e0000000,0x00000000e8a80000)
  from space 48640K, 86% used [0x00000000e8a80000,0x00000000eb3997d8,0x00000000eba00000)
  to   space 54272K, 0% used [0x00000000edd00000,0x00000000edd00000,0x00000000f1200000)
 ParOldGen       total 150016K, used 56784K [0x00000000a0000000, 0x00000000a9280000, 0x00000000e0000000)
  object space 150016K, 37% used [0x00000000a0000000,0x00000000a37740f8,0x00000000a9280000)
 Metaspace       used 87172K, capacity 90780K, committed 90904K, reserved 1128448K
  class space    used 11539K, capacity 12244K, committed 12312K, reserved 1048576K
}
Event: 496.940 GC heap before
{Heap before GC invocations=27 (full 3):
 PSYoungGen      total 190464K, used 176510K [0x00000000e0000000, 0x00000000f1200000, 0x0000000100000000)
  eden space 141824K, 94% used [0x00000000e0000000,0x00000000e8346260,0x00000000e8a80000)
  from space 48640K, 86% used [0x00000000e8a80000,0x00000000eb3997d8,0x00000000eba00000)
  to   space 54272K, 0% used [0x00000000edd00000,0x00000000edd00000,0x00000000f1200000)
 ParOldGen       total 150016K, used 56784K [0x00000000a0000000, 0x00000000a9280000, 0x00000000e0000000)
  object space 150016K, 37% used [0x00000000a0000000,0x00000000a37740f8,0x00000000a9280000)
 Metaspace       used 94362K, capacity 98406K, committed 98584K, reserved 1134592K
  class space    used 12418K, capacity 13247K, committed 13336K, reserved 1048576K
Event: 497.000 GC heap after
Heap after GC invocations=27 (full 3):
 PSYoungGen      total 222208K, used 41928K [0x00000000e0000000, 0x00000000f1600000, 0x0000000100000000)
  eden space 167936K, 0% used [0x00000000e0000000,0x00000000e0000000,0x00000000ea400000)
  from space 54272K, 77% used [0x00000000edd00000,0x00000000f05f21a8,0x00000000f1200000)
  to   space 58368K, 0% used [0x00000000ea400000,0x00000000ea400000,0x00000000edd00000)
 ParOldGen       total 150016K, used 56792K [0x00000000a0000000, 0x00000000a9280000, 0x00000000e0000000)
  object space 150016K, 37% used [0x00000000a0000000,0x00000000a37760f8,0x00000000a9280000)
 Metaspace       used 94362K, capacity 98406K, committed 98584K, reserved 1134592K
  class space    used 12418K, capacity 13247K, committed 13336K, reserved 1048576K
}
Event: 497.000 GC heap before
{Heap before GC invocations=28 (full 4):
 PSYoungGen      total 222208K, used 41928K [0x00000000e0000000, 0x00000000f1600000, 0x0000000100000000)
  eden space 167936K, 0% used [0x00000000e0000000,0x00000000e0000000,0x00000000ea400000)
  from space 54272K, 77% used [0x00000000edd00000,0x00000000f05f21a8,0x00000000f1200000)
  to   space 58368K, 0% used [0x00000000ea400000,0x00000000ea400000,0x00000000edd00000)
 ParOldGen       total 150016K, used 56792K [0x00000000a0000000, 0x00000000a9280000, 0x00000000e0000000)
  object space 150016K, 37% used [0x00000000a0000000,0x00000000a37760f8,0x00000000a9280000)
 Metaspace       used 94362K, capacity 98406K, committed 98584K, reserved 1134592K
  class space    used 12418K, capacity 13247K, committed 13336K, reserved 1048576K
Event: 497.290 GC heap after
Heap after GC invocations=28 (full 4):
 PSYoungGen      total 222208K, used 0K [0x00000000e0000000, 0x00000000f1600000, 0x0000000100000000)
  eden space 167936K, 0% used [0x00000000e0000000,0x00000000e0000000,0x00000000ea400000)
  from space 54272K, 0% used [0x00000000edd00000,0x00000000edd00000,0x00000000f1200000)
  to   space 58368K, 0% used [0x00000000ea400000,0x00000000ea400000,0x00000000edd00000)
 ParOldGen       total 221184K, used 68412K [0x00000000a0000000, 0x00000000ad800000, 0x00000000e0000000)
  object space 221184K, 30% used [0x00000000a0000000,0x00000000a42cf378,0x00000000ad800000)
 Metaspace       used 94030K, capacity 97536K, committed 98584K, reserved 1134592K
  class space    used 12303K, capacity 13046K, committed 13336K, reserved 1048576K
}

