# JRE version: OpenJDK Runtime Environment (8.0_212-b04) (build 1.8.0_212-release-1586-b04)
# Java VM: OpenJDK 64-Bit Server VM (25.212-b04 mixed mode windows-amd64 compressed oops)
Heap:
 PSYoungGen      total 176128K, used 32470K [0x00000000e0000000, 0x00000000eda00000, 0x0000000100000000)
  eden space 157696K, 12% used [0x00000000e0000000,0x00000000e12da5a8,0x00000000e9a00000)
  from space 18432K, 71% used [0x00000000e9a00000,0x00000000ea6db628,0x00000000eac00000)
  to   space 18944K, 0% used [0x00000000ec780000,0x00000000ec780000,0x00000000eda00000)
 ParOldGen       total 146944K, used 37334K [0x00000000a0000000, 0x00000000a8f80000, 0x00000000e0000000)
  object space 146944K, 25% used [0x00000000a0000000,0x00000000a24758c8,0x00000000a8f80000)
 Metaspace       used 60964K, capacity 63300K, committed 63528K, reserved 1103872K
  class space    used 8378K, capacity 8876K, committed 9000K, reserved 1048576K
GC Heap History (10 events):
Event: 6.684 GC heap before
{Heap before GC invocations=12 (full 2):
 PSYoungGen      total 114176K, used 102201K [0x00000000e0000000, 0x00000000ea180000, 0x0000000100000000)
  eden space 102400K, 99% used [0x00000000e0000000,0x00000000e63ce568,0x00000000e6400000)
  from space 11776K, 0% used [0x00000000e6400000,0x00000000e6400000,0x00000000e6f80000)
  to   space 12800K, 0% used [0x00000000e9500000,0x00000000e9500000,0x00000000ea180000)
 ParOldGen       total 96256K, used 17651K [0x00000000a0000000, 0x00000000a5e00000, 0x00000000e0000000)
  object space 96256K, 18% used [0x00000000a0000000,0x00000000a113cdd8,0x00000000a5e00000)
 Metaspace       used 44562K, capacity 45668K, committed 45864K, reserved 1089536K
  class space    used 6011K, capacity 6316K, committed 6440K, reserved 1048576K
Event: 6.697 GC heap after
Heap after GC invocations=12 (full 2):
 PSYoungGen      total 139776K, used 12780K [0x00000000e0000000, 0x00000000ea180000, 0x0000000100000000)
  eden space 126976K, 0% used [0x00000000e0000000,0x00000000e0000000,0x00000000e7c00000)
  from space 12800K, 99% used [0x00000000e9500000,0x00000000ea17b0e0,0x00000000ea180000)
  to   space 14336K, 0% used [0x00000000e8580000,0x00000000e8580000,0x00000000e9380000)
 ParOldGen       total 96256K, used 18331K [0x00000000a0000000, 0x00000000a5e00000, 0x00000000e0000000)
  object space 96256K, 19% used [0x00000000a0000000,0x00000000a11e6cc8,0x00000000a5e00000)
 Metaspace       used 44562K, capacity 45668K, committed 45864K, reserved 1089536K
  class space    used 6011K, capacity 6316K, committed 6440K, reserved 1048576K
}
Event: 8.215 GC heap before
{Heap before GC invocations=13 (full 2):
 PSYoungGen      total 139776K, used 139756K [0x00000000e0000000, 0x00000000ea180000, 0x0000000100000000)
  eden space 126976K, 100% used [0x00000000e0000000,0x00000000e7c00000,0x00000000e7c00000)
  from space 12800K, 99% used [0x00000000e9500000,0x00000000ea17b0e0,0x00000000ea180000)
  to   space 14336K, 0% used [0x00000000e8580000,0x00000000e8580000,0x00000000e9380000)
 ParOldGen       total 96256K, used 18331K [0x00000000a0000000, 0x00000000a5e00000, 0x00000000e0000000)
  object space 96256K, 19% used [0x00000000a0000000,0x00000000a11e6cc8,0x00000000a5e00000)
 Metaspace       used 52851K, capacity 54522K, committed 54568K, reserved 1095680K
  class space    used 7261K, capacity 7705K, committed 7720K, reserved 1048576K
Event: 8.259 GC heap after
Heap after GC invocations=13 (full 2):
 PSYoungGen      total 151040K, used 14332K [0x00000000e0000000, 0x00000000ebc00000, 0x0000000100000000)
  eden space 136704K, 0% used [0x00000000e0000000,0x00000000e0000000,0x00000000e8580000)
  from space 14336K, 99% used [0x00000000e8580000,0x00000000e937f188,0x00000000e9380000)
  to   space 16384K, 0% used [0x00000000eac00000,0x00000000eac00000,0x00000000ebc00000)
 ParOldGen       total 96256K, used 24175K [0x00000000a0000000, 0x00000000a5e00000, 0x00000000e0000000)
  object space 96256K, 25% used [0x00000000a0000000,0x00000000a179bd20,0x00000000a5e00000)
 Metaspace       used 52851K, capacity 54522K, committed 54568K, reserved 1095680K
  class space    used 7261K, capacity 7705K, committed 7720K, reserved 1048576K
}
Event: 9.557 GC heap before
{Heap before GC invocations=14 (full 2):
 PSYoungGen      total 151040K, used 90185K [0x00000000e0000000, 0x00000000ebc00000, 0x0000000100000000)
  eden space 136704K, 55% used [0x00000000e0000000,0x00000000e4a132a8,0x00000000e8580000)
  from space 14336K, 99% used [0x00000000e8580000,0x00000000e937f188,0x00000000e9380000)
  to   space 16384K, 0% used [0x00000000eac00000,0x00000000eac00000,0x00000000ebc00000)
 ParOldGen       total 96256K, used 24175K [0x00000000a0000000, 0x00000000a5e00000, 0x00000000e0000000)
  object space 96256K, 25% used [0x00000000a0000000,0x00000000a179bd20,0x00000000a5e00000)
 Metaspace       used 57290K, capacity 59116K, committed 59160K, reserved 1099776K
  class space    used 7903K, capacity 8346K, committed 8360K, reserved 1048576K
Event: 9.574 GC heap after
Heap after GC invocations=14 (full 2):
 PSYoungGen      total 174080K, used 16364K [0x00000000e0000000, 0x00000000eca00000, 0x0000000100000000)
  eden space 157696K, 0% used [0x00000000e0000000,0x00000000e0000000,0x00000000e9a00000)
  from space 16384K, 99% used [0x00000000eac00000,0x00000000ebbfb1e8,0x00000000ebc00000)
  to   space 18432K, 0% used [0x00000000e9a00000,0x00000000e9a00000,0x00000000eac00000)
 ParOldGen       total 96256K, used 24979K [0x00000000a0000000, 0x00000000a5e00000, 0x00000000e0000000)
  object space 96256K, 25% used [0x00000000a0000000,0x00000000a1864c00,0x00000000a5e00000)
 Metaspace       used 57290K, capacity 59116K, committed 59160K, reserved 1099776K
  class space    used 7903K, capacity 8346K, committed 8360K, reserved 1048576K
}
Event: 9.574 GC heap before
{Heap before GC invocations=15 (full 3):
 PSYoungGen      total 174080K, used 16364K [0x00000000e0000000, 0x00000000eca00000, 0x0000000100000000)
  eden space 157696K, 0% used [0x00000000e0000000,0x00000000e0000000,0x00000000e9a00000)
  from space 16384K, 99% used [0x00000000eac00000,0x00000000ebbfb1e8,0x00000000ebc00000)
  to   space 18432K, 0% used [0x00000000e9a00000,0x00000000e9a00000,0x00000000eac00000)
 ParOldGen       total 96256K, used 24979K [0x00000000a0000000, 0x00000000a5e00000, 0x00000000e0000000)
  object space 96256K, 25% used [0x00000000a0000000,0x00000000a1864c00,0x00000000a5e00000)
 Metaspace       used 57290K, capacity 59116K, committed 59160K, reserved 1099776K
  class space    used 7903K, capacity 8346K, committed 8360K, reserved 1048576K
Event: 9.823 GC heap after
Heap after GC invocations=15 (full 3):
 PSYoungGen      total 174080K, used 0K [0x00000000e0000000, 0x00000000eca00000, 0x0000000100000000)
  eden space 157696K, 0% used [0x00000000e0000000,0x00000000e0000000,0x00000000e9a00000)
  from space 16384K, 0% used [0x00000000eac00000,0x00000000eac00000,0x00000000ebc00000)
  to   space 18432K, 0% used [0x00000000e9a00000,0x00000000e9a00000,0x00000000eac00000)
 ParOldGen       total 146944K, used 37326K [0x00000000a0000000, 0x00000000a8f80000, 0x00000000e0000000)
  object space 146944K, 25% used [0x00000000a0000000,0x00000000a24738c8,0x00000000a8f80000)
 Metaspace       used 57290K, capacity 59116K, committed 59160K, reserved 1099776K
  class space    used 7903K, capacity 8346K, committed 8360K, reserved 1048576K
}
Event: 12.372 GC heap before
{Heap before GC invocations=16 (full 3):
 PSYoungGen      total 174080K, used 157696K [0x00000000e0000000, 0x00000000eca00000, 0x0000000100000000)
  eden space 157696K, 100% used [0x00000000e0000000,0x00000000e9a00000,0x00000000e9a00000)
  from space 16384K, 0% used [0x00000000eac00000,0x00000000eac00000,0x00000000ebc00000)
  to   space 18432K, 0% used [0x00000000e9a00000,0x00000000e9a00000,0x00000000eac00000)
 ParOldGen       total 146944K, used 37326K [0x00000000a0000000, 0x00000000a8f80000, 0x00000000e0000000)
  object space 146944K, 25% used [0x00000000a0000000,0x00000000a24738c8,0x00000000a8f80000)
 Metaspace       used 60740K, capacity 63012K, committed 63144K, reserved 1103872K
  class space    used 8353K, capacity 8844K, committed 8872K, reserved 1048576K
Event: 12.388 GC heap after
Heap after GC invocations=16 (full 3):
 PSYoungGen      total 176128K, used 13165K [0x00000000e0000000, 0x00000000eda00000, 0x0000000100000000)
  eden space 157696K, 0% used [0x00000000e0000000,0x00000000e0000000,0x00000000e9a00000)
  from space 18432K, 71% used [0x00000000e9a00000,0x00000000ea6db628,0x00000000eac00000)
  to   space 18944K, 0% used [0x00000000ec780000,0x00000000ec780000,0x00000000eda00000)
 ParOldGen       total 146944K, used 37334K [0x00000000a0000000, 0x00000000a8f80000, 0x00000000e0000000)
  object space 146944K, 25% used [0x00000000a0000000,0x00000000a24758c8,0x00000000a8f80000)
 Metaspace       used 60740K, capacity 63012K, committed 63144K, reserved 1103872K
  class space    used 8353K, capacity 8844K, committed 8872K, reserved 1048576K
}

